INFO:     Started server process [91838]
INFO:     Waiting for application startup.
INFO:     Application startup complete.
INFO:     Uvicorn running on http://0.0.0.0:8000 (Press CTRL+C to quit)
/Users/lukemcglynn/saas-ui-page/backend/simple_api.py:86: DeprecationWarning: datetime.datetime.utcnow() is deprecated and scheduled for removal in a future version. Use timezone-aware objects to represent datetimes in UTC: datetime.datetime.now(datetime.UTC).
  "timestamp": datetime.utcnow().isoformat(),
INFO:     127.0.0.1:64827 - "GET /health HTTP/1.1" 200 OK
/Users/lukemcglynn/saas-ui-page/backend/simple_api.py:106: DeprecationWarning: datetime.datetime.utcnow() is deprecated and scheduled for removal in a future version. Use timezone-aware objects to represent datetimes in UTC: datetime.datetime.now(datetime.UTC).
  "created_at": datetime.utcnow().isoformat(),
/Users/lukemcglynn/saas-ui-page/backend/simple_api.py:108: PydanticDeprecatedSince20: The `dict` method is deprecated; use `model_dump` instead. Deprecated in Pydantic V2.0 to be removed in V3.0. See Pydantic V2 Migration Guide at https://errors.pydantic.dev/2.11/migration/
  "request": request.dict()
INFO:     127.0.0.1:64851 - "POST /api/v1/jobs HTTP/1.1" 200 OK
/Users/lukemcglynn/saas-ui-page/backend/simple_api.py:226: DeprecationWarning: datetime.datetime.utcnow() is deprecated and scheduled for removal in a future version. Use timezone-aware objects to represent datetimes in UTC: datetime.datetime.now(datetime.UTC).
  jobs_db[job_id]["completed_at"] = datetime.utcnow().isoformat()
No Yelp API key provided, skipping real Yelp API
Trying Yellow Pages URL: https://www.yellowpages.com/search?search_terms=restaurants&geo_location_terms=San Francisco, CA
Found 69 elements with selector: div[class*="result"]
Found 67 elements with selector: div[class*="listing"]
Found 18 elements with selector: div[class*="business"]
Found 36 elements with selector: a[class*="business-name"]
Found 36 elements with selector: .business-name
✅ Found 136 potential businesses on Yellow Pages
✅ Successfully extracted 9 REAL businesses from Yellow Pages
Got 9 REAL leads from scrape_yellowpages_improved
Trying Google Maps web scraping: https://www.google.com/maps/search/restaurants+San+Francisco%2C+CA+pizza
Found 0 potential business elements
❌ Google Maps scraping: No clear business data found
Generated 15 realistic fallback leads for restaurants
Got 15 REAL leads from generate_fallback_leads
Total real business data collected: 15
INFO:     127.0.0.1:64884 - "GET /api/v1/jobs/b73559b7-83c4-494f-9846-a82cf05d1f4c HTTP/1.1" 200 OK
INFO:     127.0.0.1:64906 - "GET /api/v1/jobs/b73559b7-83c4-494f-9846-a82cf05d1f4c/results?limit=3 HTTP/1.1" 200 OK
